#
# There is insufficient memory for the Java Runtime Environment to continue.
# Native memory allocation (malloc) failed to allocate 959856 bytes. Error detail: Chunk::new
# Possible reasons:
#   The system is out of physical RAM or swap space
#   This process is running with CompressedOops enabled, and the Java Heap may be blocking the growth of the native heap
# Possible solutions:
#   Reduce memory load on the system
#   Increase physical memory or swap space
#   Check if swap backing store is full
#   Decrease Java heap size (-Xmx/-Xms)
#   Decrease number of Java threads
#   Decrease Java thread stack sizes (-Xss)
#   Set larger code cache with -XX:ReservedCodeCacheSize=
#   JVM is running with Unscaled Compressed Oops mode in which the Java heap is
#     placed in the first 4GB address space. The Java Heap base address is the
#     maximum limit for the native heap growth. Please use -XX:HeapBaseMinAddress
#     to set the Java Heap base and to place the Java Heap above 4GB virtual address.
# This output file may be truncated or incomplete.
#
#  Out of Memory Error (arena.cpp:150), pid=4028, tid=19996
#
# JRE version: OpenJDK Runtime Environment (22.0.2+9) (build 22.0.2+9-70)
# Java VM: OpenJDK 64-Bit Server VM (22.0.2+9-70, mixed mode, sharing, tiered, compressed oops, compressed class ptrs, g1 gc, windows-amd64)
# No core dump will be written. Minidumps are not enabled by default on client versions of Windows
#

---------------  S U M M A R Y ------------

Command Line: -javaagent:C:\Program Files\JetBrains\IntelliJ IDEA Community Edition 2024.1.1\lib\idea_rt.jar=53900:C:\Program Files\JetBrains\IntelliJ IDEA Community Edition 2024.1.1\bin -Dfile.encoding=UTF-8 -Dsun.stdout.encoding=UTF-8 -Dsun.stderr.encoding=UTF-8 org.esfe.Application

Host: Intel(R) Celeron(R) N4120 CPU @ 1.10GHz, 4 cores, 3G,  Windows 10 , 64 bit Build 19041 (10.0.19041.4717)
Time: Sun Sep 22 03:14:03 2024 Hora de verano romance elapsed time: 14.135801 seconds (0d 0h 0m 14s)

---------------  T H R E A D  ---------------

Current thread (0x00000267c11594e0):  JavaThread "C2 CompilerThread0" daemon [_thread_in_native, id=19996, stack(0x000000fd58c00000,0x000000fd58d00000) (1024K)]


Current CompileTask:
C2:14135 4129       4       java.lang.invoke.MethodType::methodType (69 bytes)

Stack: [0x000000fd58c00000,0x000000fd58d00000]
Native frames: (J=compiled Java code, j=interpreted, Vv=VM code, C=native code)
V  [jvm.dll+0x6e26e9]  (no source info available)
V  [jvm.dll+0x875753]  (no source info available)
V  [jvm.dll+0x877b7e]  (no source info available)
V  [jvm.dll+0x878253]  (no source info available)
V  [jvm.dll+0x27fc86]  (no source info available)
V  [jvm.dll+0xc3d0f]  (no source info available)
V  [jvm.dll+0xc3f6b]  (no source info available)
V  [jvm.dll+0x2f3c7f]  (no source info available)
V  [jvm.dll+0x60c0fa]  (no source info available)
V  [jvm.dll+0x250c92]  (no source info available)
V  [jvm.dll+0x2492a6]  (no source info available)
V  [jvm.dll+0x246da6]  (no source info available)
V  [jvm.dll+0x1c4e80]  (no source info available)
V  [jvm.dll+0x2568f3]  (no source info available)
V  [jvm.dll+0x254baa]  (no source info available)
V  [jvm.dll+0x3f57a6]  (no source info available)
V  [jvm.dll+0x81dc0b]  (no source info available)
V  [jvm.dll+0x6e0d85]  (no source info available)
C  [ucrtbase.dll+0x21bb2]  (no source info available)
C  [KERNEL32.DLL+0x17374]  (no source info available)
C  [ntdll.dll+0x4cc91]  (no source info available)


---------------  P R O C E S S  ---------------

Threads class SMR info:
_java_thread_list=0x00000267c7cf1970, length=15, elements={
0x00000267cebd0010, 0x00000267c113dc20, 0x00000267c113e490, 0x00000267c11422a0,
0x00000267c1142910, 0x00000267c1146f90, 0x00000267c114ab00, 0x00000267c11594e0,
0x00000267c1159bf0, 0x00000267c111b990, 0x00000267c1796340, 0x00000267c15f1fd0,
0x00000267c1ebeeb0, 0x00000267c1ebf520, 0x00000267c7bb72c0
}

Java Threads: ( => current thread )
  0x00000267cebd0010 JavaThread "main"                              [_thread_blocked, id=20200, stack(0x000000fd57e00000,0x000000fd57f00000) (1024K)]
  0x00000267c113dc20 JavaThread "Reference Handler"          daemon [_thread_blocked, id=20756, stack(0x000000fd58600000,0x000000fd58700000) (1024K)]
  0x00000267c113e490 JavaThread "Finalizer"                  daemon [_thread_blocked, id=7500, stack(0x000000fd58700000,0x000000fd58800000) (1024K)]
  0x00000267c11422a0 JavaThread "Signal Dispatcher"          daemon [_thread_blocked, id=25292, stack(0x000000fd58800000,0x000000fd58900000) (1024K)]
  0x00000267c1142910 JavaThread "Attach Listener"            daemon [_thread_blocked, id=20216, stack(0x000000fd58900000,0x000000fd58a00000) (1024K)]
  0x00000267c1146f90 JavaThread "Service Thread"             daemon [_thread_blocked, id=7252, stack(0x000000fd58a00000,0x000000fd58b00000) (1024K)]
  0x00000267c114ab00 JavaThread "Monitor Deflation Thread"   daemon [_thread_blocked, id=5256, stack(0x000000fd58b00000,0x000000fd58c00000) (1024K)]
=>0x00000267c11594e0 JavaThread "C2 CompilerThread0"         daemon [_thread_in_native, id=19996, stack(0x000000fd58c00000,0x000000fd58d00000) (1024K)]
  0x00000267c1159bf0 JavaThread "C1 CompilerThread0"         daemon [_thread_blocked, id=6436, stack(0x000000fd58d00000,0x000000fd58e00000) (1024K)]
  0x00000267c111b990 JavaThread "Common-Cleaner"             daemon [_thread_blocked, id=15248, stack(0x000000fd58e00000,0x000000fd58f00000) (1024K)]
  0x00000267c1796340 JavaThread "Monitor Ctrl-Break"         daemon [_thread_in_native, id=21388, stack(0x000000fd58f00000,0x000000fd59000000) (1024K)]
  0x00000267c15f1fd0 JavaThread "Notification Thread"        daemon [_thread_blocked, id=19184, stack(0x000000fd59000000,0x000000fd59100000) (1024K)]
  0x00000267c1ebeeb0 JavaThread "Thread-0"                          [_thread_blocked, id=1284, stack(0x000000fd59400000,0x000000fd59500000) (1024K)]
  0x00000267c1ebf520 JavaThread "restartedMain"                     [_thread_in_vm, id=3928, stack(0x000000fd59500000,0x000000fd59600000) (1024K)]
  0x00000267c7bb72c0 JavaThread "mysql-cj-abandoned-connection-cleanup" daemon [_thread_blocked, id=21960, stack(0x000000fd59600000,0x000000fd59700000) (1024K)]
Total: 15

Other Threads:
  0x00000267cec8e0b0 VMThread "VM Thread"                           [id=25448, stack(0x000000fd58500000,0x000000fd58600000) (1024K)]
  0x00000267c111b190 WatcherThread "VM Periodic Task Thread"        [id=6304, stack(0x000000fd58400000,0x000000fd58500000) (1024K)]
  0x00000267cec07da0 WorkerThread "GC Thread#0"                     [id=20908, stack(0x000000fd57f00000,0x000000fd58000000) (1024K)]
  0x00000267c1bbd940 WorkerThread "GC Thread#1"                     [id=9764, stack(0x000000fd59100000,0x000000fd59200000) (1024K)]
  0x00000267c1bb11c0 WorkerThread "GC Thread#2"                     [id=21660, stack(0x000000fd59200000,0x000000fd59300000) (1024K)]
  0x00000267c1a9fef0 WorkerThread "GC Thread#3"                     [id=24680, stack(0x000000fd59300000,0x000000fd59400000) (1024K)]
  0x00000267cec10810 ConcurrentGCThread "G1 Main Marker"            [id=26544, stack(0x000000fd58000000,0x000000fd58100000) (1024K)]
  0x00000267ccb89fd0 WorkerThread "G1 Conc#0"                       [id=8072, stack(0x000000fd58100000,0x000000fd58200000) (1024K)]
  0x00000267cec69ae0 ConcurrentGCThread "G1 Refine#0"               [id=10164, stack(0x000000fd58200000,0x000000fd58300000) (1024K)]
  0x00000267cec6a270 ConcurrentGCThread "G1 Service"                [id=13016, stack(0x000000fd58300000,0x000000fd58400000) (1024K)]
Total: 10

Threads with active compile tasks:
C2 CompilerThread0  14310 4129       4       java.lang.invoke.MethodType::methodType (69 bytes)
Total: 1

VM state: not at safepoint (normal execution)

VM Mutex/Monitor currently owned by a thread: None

Heap address: 0x00000000c2c00000, size: 980 MB, Compressed Oops mode: 32-bit

CDS archive(s) mapped at: [0x0000026780000000-0x0000026780c60000-0x0000026780c60000), size 12976128, SharedBaseAddress: 0x0000026780000000, ArchiveRelocationMode: 1.
Compressed class space mapped at: 0x0000026781000000-0x00000267c1000000, reserved size: 1073741824
Narrow klass base: 0x0000026780000000, Narrow klass shift: 0, Narrow klass range: 0x41000000

GC Precious Log:
 CardTable entry size: 512
 Card Set container configuration: InlinePtr #cards 5 size 8 Array Of Cards #cards 12 size 40 Howl #buckets 4 coarsen threshold 1843 Howl Bitmap #cards 512 size 80 coarsen threshold 460 Card regions per heap region 1 cards per card region 2048
 CPUs: 4 total, 4 available
 Memory: 3917M
 Large Page Support: Disabled
 NUMA Support: Disabled
 Compressed Oops: Enabled (32-bit)
 Heap Region Size: 1M
 Heap Min Capacity: 8M
 Heap Initial Capacity: 62M
 Heap Max Capacity: 980M
 Pre-touch: Disabled
 Parallel Workers: 4
 Concurrent Workers: 1
 Concurrent Refinement Workers: 4
 Periodic GC: Disabled

Heap:
 garbage-first heap   total reserved 1003520K, committed 55296K, used 37445K [0x00000000c2c00000, 0x0000000100000000)
  region size 1024K, 19 young (19456K), 3 survivors (3072K)
 Metaspace       used 39572K, committed 40128K, reserved 1114112K
  class space    used 5258K, committed 5504K, reserved 1048576K

Heap Regions: E=young(eden), S=young(survivor), O=old, HS=humongous(starts), HC=humongous(continues), CS=collection set, F=free, TAMS=top-at-mark-start, PB=parsable bottom
|   0|0x00000000c2c00000, 0x00000000c2d00000, 0x00000000c2d00000|100%|HS|  |TAMS 0x00000000c2c00000| PB 0x00000000c2c00000| Complete |  0
|   1|0x00000000c2d00000, 0x00000000c2e00000, 0x00000000c2e00000|100%| O|  |TAMS 0x00000000c2d00000| PB 0x00000000c2d00000| Untracked |  0
|   2|0x00000000c2e00000, 0x00000000c2f00000, 0x00000000c2f00000|100%| O|  |TAMS 0x00000000c2e00000| PB 0x00000000c2e00000| Untracked |  0
|   3|0x00000000c2f00000, 0x00000000c3000000, 0x00000000c3000000|100%| O|  |TAMS 0x00000000c2f00000| PB 0x00000000c2f00000| Untracked |  0
|   4|0x00000000c3000000, 0x00000000c3100000, 0x00000000c3100000|100%| O|  |TAMS 0x00000000c3000000| PB 0x00000000c3000000| Untracked |  0
|   5|0x00000000c3100000, 0x00000000c3200000, 0x00000000c3200000|100%| O|  |TAMS 0x00000000c3100000| PB 0x00000000c3100000| Untracked |  0
|   6|0x00000000c3200000, 0x00000000c3300000, 0x00000000c3300000|100%| O|  |TAMS 0x00000000c3200000| PB 0x00000000c3200000| Untracked |  0
|   7|0x00000000c3300000, 0x00000000c3400000, 0x00000000c3400000|100%| O|  |TAMS 0x00000000c3300000| PB 0x00000000c3300000| Untracked |  0
|   8|0x00000000c3400000, 0x00000000c3500000, 0x00000000c3500000|100%| O|  |TAMS 0x00000000c3400000| PB 0x00000000c3400000| Untracked |  0
|   9|0x00000000c3500000, 0x00000000c3600000, 0x00000000c3600000|100%| O|  |TAMS 0x00000000c3500000| PB 0x00000000c3500000| Untracked |  0
|  10|0x00000000c3600000, 0x00000000c3700000, 0x00000000c3700000|100%| O|  |TAMS 0x00000000c3600000| PB 0x00000000c3600000| Untracked |  0
|  11|0x00000000c3700000, 0x00000000c3800000, 0x00000000c3800000|100%| O|  |TAMS 0x00000000c3700000| PB 0x00000000c3700000| Untracked |  0
|  12|0x00000000c3800000, 0x00000000c3900000, 0x00000000c3900000|100%| O|  |TAMS 0x00000000c3800000| PB 0x00000000c3800000| Untracked |  0
|  13|0x00000000c3900000, 0x00000000c3a00000, 0x00000000c3a00000|100%| O|Cm|TAMS 0x00000000c3900000| PB 0x00000000c3900000| Complete |  0
|  14|0x00000000c3a00000, 0x00000000c3b00000, 0x00000000c3b00000|100%| O|  |TAMS 0x00000000c3a00000| PB 0x00000000c3a00000| Untracked |  0
|  15|0x00000000c3b00000, 0x00000000c3c00000, 0x00000000c3c00000|100%| O|  |TAMS 0x00000000c3b00000| PB 0x00000000c3b00000| Untracked |  0
|  16|0x00000000c3c00000, 0x00000000c3d00000, 0x00000000c3d00000|100%| O|  |TAMS 0x00000000c3c00000| PB 0x00000000c3c00000| Untracked |  0
|  17|0x00000000c3d00000, 0x00000000c3e00000, 0x00000000c3e00000|100%| O|  |TAMS 0x00000000c3d00000| PB 0x00000000c3d00000| Untracked |  0
|  18|0x00000000c3e00000, 0x00000000c3f00000, 0x00000000c3f00000|100%| O|  |TAMS 0x00000000c3e00000| PB 0x00000000c3e00000| Untracked |  0
|  19|0x00000000c3f00000, 0x00000000c3fa49d0, 0x00000000c4000000| 64%| O|  |TAMS 0x00000000c3f00000| PB 0x00000000c3f00000| Untracked |  0
|  20|0x00000000c4000000, 0x00000000c4000000, 0x00000000c4100000|  0%| F|  |TAMS 0x00000000c4000000| PB 0x00000000c4000000| Untracked |  0
|  21|0x00000000c4100000, 0x00000000c4100000, 0x00000000c4200000|  0%| F|  |TAMS 0x00000000c4100000| PB 0x00000000c4100000| Untracked |  0
|  22|0x00000000c4200000, 0x00000000c4200000, 0x00000000c4300000|  0%| F|  |TAMS 0x00000000c4200000| PB 0x00000000c4200000| Untracked |  0
|  23|0x00000000c4300000, 0x00000000c4300000, 0x00000000c4400000|  0%| F|  |TAMS 0x00000000c4300000| PB 0x00000000c4300000| Untracked |  0
|  24|0x00000000c4400000, 0x00000000c4400000, 0x00000000c4500000|  0%| F|  |TAMS 0x00000000c4400000| PB 0x00000000c4400000| Untracked |  0
|  25|0x00000000c4500000, 0x00000000c4500000, 0x00000000c4600000|  0%| F|  |TAMS 0x00000000c4500000| PB 0x00000000c4500000| Untracked |  0
|  26|0x00000000c4600000, 0x00000000c4600000, 0x00000000c4700000|  0%| F|  |TAMS 0x00000000c4600000| PB 0x00000000c4600000| Untracked |  0
|  27|0x00000000c4700000, 0x00000000c4700000, 0x00000000c4800000|  0%| F|  |TAMS 0x00000000c4700000| PB 0x00000000c4700000| Untracked |  0
|  28|0x00000000c4800000, 0x00000000c4800000, 0x00000000c4900000|  0%| F|  |TAMS 0x00000000c4800000| PB 0x00000000c4800000| Untracked |  0
|  29|0x00000000c4900000, 0x00000000c4900000, 0x00000000c4a00000|  0%| F|  |TAMS 0x00000000c4900000| PB 0x00000000c4900000| Untracked |  0
|  30|0x00000000c4a00000, 0x00000000c4a00000, 0x00000000c4b00000|  0%| F|  |TAMS 0x00000000c4a00000| PB 0x00000000c4a00000| Untracked |  0
|  31|0x00000000c4b00000, 0x00000000c4b00000, 0x00000000c4c00000|  0%| F|  |TAMS 0x00000000c4b00000| PB 0x00000000c4b00000| Untracked |  0
|  32|0x00000000c4c00000, 0x00000000c4c00000, 0x00000000c4d00000|  0%| F|  |TAMS 0x00000000c4c00000| PB 0x00000000c4c00000| Untracked |  0
|  33|0x00000000c4d00000, 0x00000000c4d00000, 0x00000000c4e00000|  0%| F|  |TAMS 0x00000000c4d00000| PB 0x00000000c4d00000| Untracked |  0
|  34|0x00000000c4e00000, 0x00000000c4eecbe0, 0x00000000c4f00000| 92%| S|CS|TAMS 0x00000000c4e00000| PB 0x00000000c4e00000| Complete |  0
|  35|0x00000000c4f00000, 0x00000000c5000000, 0x00000000c5000000|100%| S|CS|TAMS 0x00000000c4f00000| PB 0x00000000c4f00000| Complete |  0
|  36|0x00000000c5000000, 0x00000000c5100000, 0x00000000c5100000|100%| S|CS|TAMS 0x00000000c5000000| PB 0x00000000c5000000| Complete |  0
|  37|0x00000000c5100000, 0x00000000c5100000, 0x00000000c5200000|  0%| F|  |TAMS 0x00000000c5100000| PB 0x00000000c5100000| Untracked |  0
|  38|0x00000000c5200000, 0x00000000c52cfc18, 0x00000000c5300000| 81%| E|  |TAMS 0x00000000c5200000| PB 0x00000000c5200000| Complete |  0
|  39|0x00000000c5300000, 0x00000000c5400000, 0x00000000c5400000|100%| E|CS|TAMS 0x00000000c5300000| PB 0x00000000c5300000| Complete |  0
|  40|0x00000000c5400000, 0x00000000c5500000, 0x00000000c5500000|100%| E|CS|TAMS 0x00000000c5400000| PB 0x00000000c5400000| Complete |  0
|  41|0x00000000c5500000, 0x00000000c5600000, 0x00000000c5600000|100%| E|CS|TAMS 0x00000000c5500000| PB 0x00000000c5500000| Complete |  0
|  42|0x00000000c5600000, 0x00000000c5700000, 0x00000000c5700000|100%| E|CS|TAMS 0x00000000c5600000| PB 0x00000000c5600000| Complete |  0
|  43|0x00000000c5700000, 0x00000000c5800000, 0x00000000c5800000|100%| E|CS|TAMS 0x00000000c5700000| PB 0x00000000c5700000| Complete |  0
|  44|0x00000000c5800000, 0x00000000c5900000, 0x00000000c5900000|100%| E|CS|TAMS 0x00000000c5800000| PB 0x00000000c5800000| Complete |  0
|  45|0x00000000c5900000, 0x00000000c5a00000, 0x00000000c5a00000|100%| E|CS|TAMS 0x00000000c5900000| PB 0x00000000c5900000| Complete |  0
|  46|0x00000000c5a00000, 0x00000000c5b00000, 0x00000000c5b00000|100%| E|CS|TAMS 0x00000000c5a00000| PB 0x00000000c5a00000| Complete |  0
|  47|0x00000000c5b00000, 0x00000000c5c00000, 0x00000000c5c00000|100%| E|CS|TAMS 0x00000000c5b00000| PB 0x00000000c5b00000| Complete |  0
|  48|0x00000000c5c00000, 0x00000000c5d00000, 0x00000000c5d00000|100%| E|CS|TAMS 0x00000000c5c00000| PB 0x00000000c5c00000| Complete |  0
|  49|0x00000000c5d00000, 0x00000000c5e00000, 0x00000000c5e00000|100%| E|CS|TAMS 0x00000000c5d00000| PB 0x00000000c5d00000| Complete |  0
|  50|0x00000000c5e00000, 0x00000000c5f00000, 0x00000000c5f00000|100%| E|  |TAMS 0x00000000c5e00000| PB 0x00000000c5e00000| Complete |  0
|  51|0x00000000c5f00000, 0x00000000c6000000, 0x00000000c6000000|100%| E|CS|TAMS 0x00000000c5f00000| PB 0x00000000c5f00000| Complete |  0
|  53|0x00000000c6100000, 0x00000000c6200000, 0x00000000c6200000|100%| E|CS|TAMS 0x00000000c6100000| PB 0x00000000c6100000| Complete |  0
|  61|0x00000000c6900000, 0x00000000c6a00000, 0x00000000c6a00000|100%| E|CS|TAMS 0x00000000c6900000| PB 0x00000000c6900000| Complete |  0

Card table byte_map: [0x00000267e6100000,0x00000267e62f0000] _byte_map_base: 0x00000267e5aea000

Marking Bits: (CMBitMap*) 0x00000267cec084b0
 Bits: [0x00000267e62f0000, 0x00000267e7240000)

Polling page: 0x00000267cca80000

Metaspace:

Usage:
  Non-class:     33.52 MB used.
      Class:      5.14 MB used.
       Both:     38.65 MB used.

Virtual space:
  Non-class space:       64.00 MB reserved,      33.81 MB ( 53%) committed,  1 nodes.
      Class space:        1.00 GB reserved,       5.38 MB ( <1%) committed,  1 nodes.
             Both:        1.06 GB reserved,      39.19 MB (  4%) committed. 

Chunk freelists:
   Non-Class:  13.66 MB
       Class:  10.66 MB
        Both:  24.32 MB

MaxMetaspaceSize: unlimited
CompressedClassSpaceSize: 1.00 GB
Initial GC threshold: 21.00 MB
Current GC threshold: 59.62 MB
CDS: on
 - commit_granule_bytes: 65536.
 - commit_granule_words: 8192.
 - virtual_space_node_default_size: 8388608.
 - enlarge_chunks_in_place: 1.
 - use_allocation_guard: 0.


Internal statistics:

num_allocs_failed_limit: 9.
num_arena_births: 710.
num_arena_deaths: 0.
num_vsnodes_births: 2.
num_vsnodes_deaths: 0.
num_space_committed: 627.
num_space_uncommitted: 0.
num_chunks_returned_to_freelist: 9.
num_chunks_taken_from_freelist: 2120.
num_chunk_merges: 9.
num_chunk_splits: 1475.
num_chunks_enlarged: 1066.
num_inconsistent_stats: 0.

CodeHeap 'non-profiled nmethods': size=120000Kb used=2039Kb max_used=2056Kb free=117960Kb
 bounds [0x00000267de9e0000, 0x00000267dec50000, 0x00000267e5f10000]
CodeHeap 'profiled nmethods': size=120000Kb used=8901Kb max_used=9657Kb free=111098Kb
 bounds [0x00000267d6f10000, 0x00000267d7880000, 0x00000267de440000]
CodeHeap 'non-nmethods': size=5760Kb used=1510Kb max_used=1556Kb free=4249Kb
 bounds [0x00000267de440000, 0x00000267de6b0000, 0x00000267de9e0000]
 total_blobs=4909 nmethods=4331 adapters=483
 compilation: enabled
              stopped_count=0, restarted_count=0
 full_count=0

Compilation events (20 events):
Event: 14.074 Thread 0x00000267c1159bf0 4739       3       net.bytebuddy.description.type.TypeDescription$Generic$AbstractBase::<init> (5 bytes)
Event: 14.074 Thread 0x00000267c1159bf0 nmethod 4739 0x00000267d73f8310 code [0x00000267d73f84c0, 0x00000267d73f8688]
Event: 14.074 Thread 0x00000267c1159bf0 4740       3       net.bytebuddy.jar.asm.ClassReader::readUnsignedShort (26 bytes)
Event: 14.074 Thread 0x00000267c1159bf0 nmethod 4740 0x00000267d7011190 code [0x00000267d7011320, 0x00000267d7011490]
Event: 14.076 Thread 0x00000267c1159bf0 4741       3       java.util.AbstractList::iterator (9 bytes)
Event: 14.076 Thread 0x00000267c1159bf0 nmethod 4741 0x00000267d7069c10 code [0x00000267d7069dc0, 0x00000267d706a058]
Event: 14.081 Thread 0x00000267c1159bf0 4742       3       net.bytebuddy.matcher.FilterableList$AbstractBase::<init> (5 bytes)
Event: 14.081 Thread 0x00000267c1159bf0 nmethod 4742 0x00000267d6f63210 code [0x00000267d6f633c0, 0x00000267d6f635f0]
Event: 14.088 Thread 0x00000267c1159bf0 4743       3       net.bytebuddy.description.method.MethodDescription$ForLoadedMethod::getDeclaringType (14 bytes)
Event: 14.089 Thread 0x00000267c1159bf0 nmethod 4743 0x00000267d6f47e90 code [0x00000267d6f480a0, 0x00000267d6f48878]
Event: 14.091 Thread 0x00000267c1159bf0 4744       3       net.bytebuddy.description.type.TypeDescription$AbstractBase::equals (60 bytes)
Event: 14.091 Thread 0x00000267c1159bf0 nmethod 4744 0x00000267d6fa0710 code [0x00000267d6fa0940, 0x00000267d6fa1160]
Event: 14.091 Thread 0x00000267c1159bf0 4746       3       java.lang.invoke.DirectMethodHandle$Holder::invokeStatic (14 bytes)
Event: 14.092 Thread 0x00000267c1159bf0 nmethod 4746 0x00000267d6f40610 code [0x00000267d6f407e0, 0x00000267d6f40c10]
Event: 14.092 Thread 0x00000267c1159bf0 4745       3       java.lang.invoke.LambdaForm$DMH/0x0000026781088000::invokeInterface (25 bytes)
Event: 14.092 Thread 0x00000267c1159bf0 nmethod 4745 0x00000267d6ffe110 code [0x00000267d6ffe300, 0x00000267d6ffea70]
Event: 14.093 Thread 0x00000267c1159bf0 4747       3       net.bytebuddy.description.type.TypeDescription$Generic$LazyProjection$WithEagerNavigation$OfAnnotatedElement::<init> (5 bytes)
Event: 14.093 Thread 0x00000267c1159bf0 nmethod 4747 0x00000267d6f96890 code [0x00000267d6f96a40, 0x00000267d6f96d20]
Event: 14.093 Thread 0x00000267c1159bf0 4748       3       net.bytebuddy.description.type.TypeDescription$Generic$LazyProjection$WithEagerNavigation::<init> (5 bytes)
Event: 14.093 Thread 0x00000267c1159bf0 nmethod 4748 0x00000267d7211690 code [0x00000267d7211840, 0x00000267d7211ac0]

GC Heap History (18 events):
Event: 1.683 GC heap before
{Heap before GC invocations=0 (full 0):
 garbage-first heap   total reserved 1003520K, committed 63488K, used 14336K [0x00000000c2c00000, 0x0000000100000000)
  region size 1024K, 14 young (14336K), 0 survivors (0K)
 Metaspace       used 3452K, committed 3648K, reserved 1114112K
  class space    used 352K, committed 448K, reserved 1048576K
}
Event: 1.744 GC heap after
{Heap after GC invocations=1 (full 0):
 garbage-first heap   total reserved 1003520K, committed 63488K, used 7616K [0x00000000c2c00000, 0x0000000100000000)
  region size 1024K, 2 young (2048K), 2 survivors (2048K)
 Metaspace       used 3452K, committed 3648K, reserved 1114112K
  class space    used 352K, committed 448K, reserved 1048576K
}
Event: 2.859 GC heap before
{Heap before GC invocations=1 (full 0):
 garbage-first heap   total reserved 1003520K, committed 63488K, used 17856K [0x00000000c2c00000, 0x0000000100000000)
  region size 1024K, 13 young (13312K), 2 survivors (2048K)
 Metaspace       used 5970K, committed 6144K, reserved 1114112K
  class space    used 681K, committed 768K, reserved 1048576K
}
Event: 2.863 GC heap after
{Heap after GC invocations=2 (full 0):
 garbage-first heap   total reserved 1003520K, committed 63488K, used 8363K [0x00000000c2c00000, 0x0000000100000000)
  region size 1024K, 1 young (1024K), 1 survivors (1024K)
 Metaspace       used 5970K, committed 6144K, reserved 1114112K
  class space    used 681K, committed 768K, reserved 1048576K
}
Event: 4.256 GC heap before
{Heap before GC invocations=2 (full 0):
 garbage-first heap   total reserved 1003520K, committed 63488K, used 32939K [0x00000000c2c00000, 0x0000000100000000)
  region size 1024K, 26 young (26624K), 1 survivors (1024K)
 Metaspace       used 14211K, committed 14528K, reserved 1114112K
  class space    used 1667K, committed 1792K, reserved 1048576K
}
Event: 4.264 GC heap after
{Heap after GC invocations=3 (full 0):
 garbage-first heap   total reserved 1003520K, committed 63488K, used 11096K [0x00000000c2c00000, 0x0000000100000000)
  region size 1024K, 4 young (4096K), 4 survivors (4096K)
 Metaspace       used 14211K, committed 14528K, reserved 1114112K
  class space    used 1667K, committed 1792K, reserved 1048576K
}
Event: 5.846 GC heap before
{Heap before GC invocations=3 (full 0):
 garbage-first heap   total reserved 1003520K, committed 63488K, used 41816K [0x00000000c2c00000, 0x0000000100000000)
  region size 1024K, 35 young (35840K), 4 survivors (4096K)
 Metaspace       used 20342K, committed 20672K, reserved 1114112K
  class space    used 2466K, committed 2624K, reserved 1048576K
}
Event: 5.857 GC heap after
{Heap after GC invocations=4 (full 0):
 garbage-first heap   total reserved 1003520K, committed 63488K, used 14494K [0x00000000c2c00000, 0x0000000100000000)
  region size 1024K, 4 young (4096K), 4 survivors (4096K)
 Metaspace       used 20342K, committed 20672K, reserved 1114112K
  class space    used 2466K, committed 2624K, reserved 1048576K
}
Event: 6.284 GC heap before
{Heap before GC invocations=4 (full 0):
 garbage-first heap   total reserved 1003520K, committed 63488K, used 21662K [0x00000000c2c00000, 0x0000000100000000)
  region size 1024K, 12 young (12288K), 4 survivors (4096K)
 Metaspace       used 21204K, committed 21504K, reserved 1114112K
  class space    used 2568K, committed 2688K, reserved 1048576K
}
Event: 6.292 GC heap after
{Heap after GC invocations=5 (full 0):
 garbage-first heap   total reserved 1003520K, committed 63488K, used 15197K [0x00000000c2c00000, 0x0000000100000000)
  region size 1024K, 1 young (1024K), 1 survivors (1024K)
 Metaspace       used 21204K, committed 21504K, reserved 1114112K
  class space    used 2568K, committed 2688K, reserved 1048576K
}
Event: 8.200 GC heap before
{Heap before GC invocations=6 (full 0):
 garbage-first heap   total reserved 1003520K, committed 55296K, used 46941K [0x00000000c2c00000, 0x0000000100000000)
  region size 1024K, 32 young (32768K), 1 survivors (1024K)
 Metaspace       used 24722K, committed 25024K, reserved 1114112K
  class space    used 3009K, committed 3136K, reserved 1048576K
}
Event: 8.208 GC heap after
{Heap after GC invocations=7 (full 0):
 garbage-first heap   total reserved 1003520K, committed 55296K, used 17453K [0x00000000c2c00000, 0x0000000100000000)
  region size 1024K, 3 young (3072K), 3 survivors (3072K)
 Metaspace       used 24722K, committed 25024K, reserved 1114112K
  class space    used 3009K, committed 3136K, reserved 1048576K
}
Event: 9.968 GC heap before
{Heap before GC invocations=7 (full 0):
 garbage-first heap   total reserved 1003520K, committed 55296K, used 44077K [0x00000000c2c00000, 0x0000000100000000)
  region size 1024K, 29 young (29696K), 3 survivors (3072K)
 Metaspace       used 29048K, committed 29504K, reserved 1114112K
  class space    used 3645K, committed 3840K, reserved 1048576K
}
Event: 9.977 GC heap after
{Heap after GC invocations=8 (full 0):
 garbage-first heap   total reserved 1003520K, committed 55296K, used 20111K [0x00000000c2c00000, 0x0000000100000000)
  region size 1024K, 3 young (3072K), 3 survivors (3072K)
 Metaspace       used 29048K, committed 29504K, reserved 1114112K
  class space    used 3645K, committed 3840K, reserved 1048576K
}
Event: 11.774 GC heap before
{Heap before GC invocations=8 (full 0):
 garbage-first heap   total reserved 1003520K, committed 55296K, used 45711K [0x00000000c2c00000, 0x0000000100000000)
  region size 1024K, 28 young (28672K), 3 survivors (3072K)
 Metaspace       used 32396K, committed 32960K, reserved 1114112K
  class space    used 4102K, committed 4352K, reserved 1048576K
}
Event: 11.783 GC heap after
{Heap after GC invocations=9 (full 0):
 garbage-first heap   total reserved 1003520K, committed 55296K, used 22286K [0x00000000c2c00000, 0x0000000100000000)
  region size 1024K, 3 young (3072K), 3 survivors (3072K)
 Metaspace       used 32396K, committed 32960K, reserved 1114112K
  class space    used 4102K, committed 4352K, reserved 1048576K
}
Event: 13.051 GC heap before
{Heap before GC invocations=9 (full 0):
 garbage-first heap   total reserved 1003520K, committed 55296K, used 37646K [0x00000000c2c00000, 0x0000000100000000)
  region size 1024K, 20 young (20480K), 3 survivors (3072K)
 Metaspace       used 35675K, committed 36160K, reserved 1114112K
  class space    used 4561K, committed 4800K, reserved 1048576K
}
Event: 13.057 GC heap after
{Heap after GC invocations=10 (full 0):
 garbage-first heap   total reserved 1003520K, committed 55296K, used 23109K [0x00000000c2c00000, 0x0000000100000000)
  region size 1024K, 3 young (3072K), 3 survivors (3072K)
 Metaspace       used 35675K, committed 36160K, reserved 1114112K
  class space    used 4561K, committed 4800K, reserved 1048576K
}

Dll operation events (15 events):
Event: 0.020 Loaded shared library C:\Users\Karla\.jdks\openjdk-22.0.2\bin\java.dll
Event: 0.093 Loaded shared library C:\Users\Karla\.jdks\openjdk-22.0.2\bin\jsvml.dll
Event: 0.376 Loaded shared library C:\Users\Karla\.jdks\openjdk-22.0.2\bin\zip.dll
Event: 0.386 Loaded shared library C:\Users\Karla\.jdks\openjdk-22.0.2\bin\instrument.dll
Event: 0.398 Loaded shared library C:\Users\Karla\.jdks\openjdk-22.0.2\bin\net.dll
Event: 0.403 Loaded shared library C:\Users\Karla\.jdks\openjdk-22.0.2\bin\nio.dll
Event: 0.411 Loaded shared library C:\Users\Karla\.jdks\openjdk-22.0.2\bin\zip.dll
Event: 0.706 Loaded shared library C:\Program Files\JetBrains\IntelliJ IDEA Community Edition 2024.1.1\bin\breakgen64.dll
Event: 0.728 Loaded shared library C:\Users\Karla\.jdks\openjdk-22.0.2\bin\extnet.dll
Event: 0.834 Loaded shared library C:\Users\Karla\.jdks\openjdk-22.0.2\bin\jimage.dll
Event: 2.472 Loaded shared library C:\Users\Karla\.jdks\openjdk-22.0.2\bin\management.dll
Event: 2.478 Loaded shared library C:\Users\Karla\.jdks\openjdk-22.0.2\bin\management_ext.dll
Event: 3.783 Loaded shared library C:\Users\Karla\.jdks\openjdk-22.0.2\bin\le.dll
Event: 5.112 Loaded shared library C:\Users\Karla\.jdks\openjdk-22.0.2\bin\sunmscapi.dll
Event: 13.279 Loaded shared library C:\Users\Karla\.jdks\openjdk-22.0.2\bin\verify.dll

Deoptimization events (20 events):
Event: 11.662 Thread 0x00000267c1ebf520 Uncommon trap: trap_request=0xffffffde fr.pc=0x00000267deba5374 relative=0x00000000000073f4
Event: 11.662 Thread 0x00000267c1ebf520 Uncommon trap: reason=class_check action=maybe_recompile pc=0x00000267deba5374 method=org.springframework.beans.factory.support.AbstractAutowireCapableBeanFactory.predictBeanType(Ljava/lang/String;Lorg/springframework/beans/factory/support/RootBeanDefinit
Event: 11.662 Thread 0x00000267c1ebf520 DEOPT PACKING pc=0x00000267deba5374 sp=0x000000fd595fd870
Event: 11.662 Thread 0x00000267c1ebf520 DEOPT UNPACKING pc=0x00000267de49469c sp=0x000000fd595fd7f8 mode 2
Event: 11.662 Thread 0x00000267c1ebf520 Uncommon trap: trap_request=0xffffffde fr.pc=0x00000267deba5374 relative=0x00000000000073f4
Event: 11.662 Thread 0x00000267c1ebf520 Uncommon trap: reason=class_check action=maybe_recompile pc=0x00000267deba5374 method=org.springframework.beans.factory.support.AbstractAutowireCapableBeanFactory.predictBeanType(Ljava/lang/String;Lorg/springframework/beans/factory/support/RootBeanDefinit
Event: 11.662 Thread 0x00000267c1ebf520 DEOPT PACKING pc=0x00000267deba5374 sp=0x000000fd595fd870
Event: 11.662 Thread 0x00000267c1ebf520 DEOPT UNPACKING pc=0x00000267de49469c sp=0x000000fd595fd7f8 mode 2
Event: 11.687 Thread 0x00000267c1ebf520 Uncommon trap: trap_request=0xffffff45 fr.pc=0x00000267debb9d68 relative=0x00000000000002a8
Event: 11.687 Thread 0x00000267c1ebf520 Uncommon trap: reason=unstable_if action=reinterpret pc=0x00000267debb9d68 method=java.util.concurrent.ConcurrentHashMap.get(Ljava/lang/Object;)Ljava/lang/Object; @ 152 c2
Event: 11.687 Thread 0x00000267c1ebf520 DEOPT PACKING pc=0x00000267debb9d68 sp=0x000000fd595fced0
Event: 11.687 Thread 0x00000267c1ebf520 DEOPT UNPACKING pc=0x00000267de49469c sp=0x000000fd595fce48 mode 2
Event: 11.757 Thread 0x00000267c1ebf520 Uncommon trap: trap_request=0xffffff45 fr.pc=0x00000267debc291c relative=0x0000000000000a7c
Event: 11.757 Thread 0x00000267c1ebf520 Uncommon trap: reason=unstable_if action=reinterpret pc=0x00000267debc291c method=org.springframework.core.ResolvableType.resolveClass()Ljava/lang/Class; @ 38 c2
Event: 11.757 Thread 0x00000267c1ebf520 DEOPT PACKING pc=0x00000267debc291c sp=0x000000fd595fa2a0
Event: 11.758 Thread 0x00000267c1ebf520 DEOPT UNPACKING pc=0x00000267de49469c sp=0x000000fd595fa1a8 mode 2
Event: 11.827 Thread 0x00000267c7bb72c0 Uncommon trap: trap_request=0xffffff45 fr.pc=0x00000267deac6bcc relative=0x00000000000010ac
Event: 11.827 Thread 0x00000267c7bb72c0 Uncommon trap: reason=unstable_if action=reinterpret pc=0x00000267deac6bcc method=java.net.URL.<init>(Ljava/net/URL;Ljava/lang/String;Ljava/net/URLStreamHandler;)V @ 57 c2
Event: 11.827 Thread 0x00000267c7bb72c0 DEOPT PACKING pc=0x00000267deac6bcc sp=0x000000fd596feeb0
Event: 11.828 Thread 0x00000267c7bb72c0 DEOPT UNPACKING pc=0x00000267de49469c sp=0x000000fd596fee30 mode 2

Classes loaded (20 events):
Event: 12.372 Loading class java/lang/instrument/ClassFileTransformer
Event: 12.372 Loading class java/lang/instrument/ClassFileTransformer done
Event: 12.807 Loading class java/lang/invoke/DirectMethodHandle$Special
Event: 12.807 Loading class java/lang/invoke/DirectMethodHandle$Special done
Event: 13.233 Loading class javax/xml/stream/XMLStreamException
Event: 13.233 Loading class javax/xml/stream/XMLStreamException done
Event: 13.233 Loading class javax/xml/stream/XMLEventReader
Event: 13.233 Loading class javax/xml/stream/XMLEventReader done
Event: 13.241 Loading class javax/xml/stream/XMLEventFactory
Event: 13.241 Loading class javax/xml/stream/XMLEventFactory done
Event: 13.241 Loading class javax/xml/stream/FactoryFinder
Event: 13.242 Loading class javax/xml/stream/FactoryFinder done
Event: 13.242 Loading class javax/xml/stream/FactoryFinder$1
Event: 13.242 Loading class javax/xml/stream/FactoryFinder$1 done
Event: 13.244 Loading class com/sun/xml/internal/stream/events/XMLEventFactoryImpl
Event: 13.244 Loading class com/sun/xml/internal/stream/events/XMLEventFactoryImpl done
Event: 13.300 Loading class java/lang/Process
Event: 13.300 Loading class java/lang/Process done
Event: 13.330 Loading class java/lang/reflect/GenericSignatureFormatError
Event: 13.330 Loading class java/lang/reflect/GenericSignatureFormatError done

Classes unloaded (0 events):
No events

Classes redefined (0 events):
No events

Internal exceptions (20 events):
Event: 9.862 Thread 0x00000267c1ebf520 Exception <a 'java/lang/NoSuchMethodError'{0x00000000c4aed420}: 'java.lang.Object java.lang.invoke.DirectMethodHandle$Holder.invokeSpecialIFC(java.lang.Object, java.lang.Object, java.lang.Object)'> (0x00000000c4aed420) 
thrown [s\open\src\hotspot\share\interpreter\linkResolver.cpp, line 774]
Event: 9.889 Thread 0x00000267c1ebf520 Exception <a 'java/lang/NoSuchMethodError'{0x00000000c4949418}: 'java.lang.Object java.lang.invoke.DirectMethodHandle$Holder.invokeVirtual(java.lang.Object, java.lang.Object, java.lang.Object, java.lang.Object, java.lang.Object)'> (0x00000000c4949418) 
thrown [s\open\src\hotspot\share\interpreter\linkResolver.cpp, line 774]
Event: 10.055 Thread 0x00000267c1ebf520 Exception <a 'java/lang/NoSuchMethodError'{0x00000000c616e150}: 'void java.lang.invoke.DirectMethodHandle$Holder.invokeStatic(java.lang.Object, java.lang.Object, int)'> (0x00000000c616e150) 
thrown [s\open\src\hotspot\share\interpreter\linkResolver.cpp, line 774]
Event: 10.120 Thread 0x00000267c1ebf520 Exception <a 'java/lang/NoSuchMethodError'{0x00000000c5f4d4b8}: 'java.lang.Object java.lang.invoke.DirectMethodHandle$Holder.invokeVirtual(java.lang.Object, java.lang.Object, java.lang.Object, java.lang.Object, java.lang.Object, java.lang.Object)'> (0x00000000c5f4d4b8) 
thrown [s\open\src\hotspot\share\interpreter\linkResolver.cpp, line 774]
Event: 10.215 Thread 0x00000267c1ebf520 Exception <a 'java/lang/NoSuchMethodError'{0x00000000c5ee9758}: 'void java.lang.invoke.DirectMethodHandle$Holder.invokeInterface(java.lang.Object, java.lang.Object, int)'> (0x00000000c5ee9758) 
thrown [s\open\src\hotspot\share\interpreter\linkResolver.cpp, line 774]
Event: 10.222 Thread 0x00000267c1ebf520 Exception <a 'java/lang/IncompatibleClassChangeError'{0x00000000c5d2d200}: Found class java.lang.Object, but interface was expected> (0x00000000c5d2d200) 
thrown [s\open\src\hotspot\share\interpreter\linkResolver.cpp, line 841]
Event: 10.226 Thread 0x00000267c1ebf520 Exception <a 'java/lang/NoSuchMethodError'{0x00000000c5d4b4b8}: 'void java.lang.invoke.DirectMethodHandle$Holder.invokeStatic(java.lang.Object, int, java.lang.Object)'> (0x00000000c5d4b4b8) 
thrown [s\open\src\hotspot\share\interpreter\linkResolver.cpp, line 774]
Event: 10.235 Thread 0x00000267c1ebf520 Exception <a 'java/lang/NoSuchMethodError'{0x00000000c5d823e8}: 'void java.lang.invoke.DirectMethodHandle$Holder.invokeStatic(java.lang.Object, java.lang.Object, java.lang.Object, int, java.lang.Object)'> (0x00000000c5d823e8) 
thrown [s\open\src\hotspot\share\interpreter\linkResolver.cpp, line 774]
Event: 10.236 Thread 0x00000267c1ebf520 Exception <a 'java/lang/NoSuchMethodError'{0x00000000c5d88d68}: 'java.lang.Object java.lang.invoke.DirectMethodHandle$Holder.newInvokeSpecial(java.lang.Object, java.lang.Object, java.lang.Object, int)'> (0x00000000c5d88d68) 
thrown [s\open\src\hotspot\share\interpreter\linkResolver.cpp, line 774]
Event: 10.237 Thread 0x00000267c1ebf520 Exception <a 'java/lang/NoSuchMethodError'{0x00000000c5d8cca8}: 'java.lang.Object java.lang.invoke.DirectMethodHandle$Holder.invokeSpecial(java.lang.Object, java.lang.Object, java.lang.Object, java.lang.Object, int)'> (0x00000000c5d8cca8) 
thrown [s\open\src\hotspot\share\interpreter\linkResolver.cpp, line 774]
Event: 10.237 Thread 0x00000267c1ebf520 Exception <a 'java/lang/NoSuchMethodError'{0x00000000c5d90140}: 'java.lang.Object java.lang.invoke.Invokers$Holder.linkToTargetMethod(java.lang.Object, java.lang.Object, int, java.lang.Object)'> (0x00000000c5d90140) 
thrown [s\open\src\hotspot\share\interpreter\linkResolver.cpp, line 774]
Event: 10.500 Thread 0x00000267c1ebf520 Exception <a 'java/lang/NoSuchMethodError'{0x00000000c58ee990}: 'java.lang.Object java.lang.invoke.DirectMethodHandle$Holder.invokeStaticInit(java.lang.Object, int, int, int, int)'> (0x00000000c58ee990) 
thrown [s\open\src\hotspot\share\interpreter\linkResolver.cpp, line 774]
Event: 10.561 Thread 0x00000267c1ebf520 Exception <a 'java/lang/NoSuchMethodError'{0x00000000c57e2f60}: 'java.lang.Object java.lang.invoke.DirectMethodHandle$Holder.invokeStaticInit(java.lang.Object, java.lang.Object, int, int, int, int)'> (0x00000000c57e2f60) 
thrown [s\open\src\hotspot\share\interpreter\linkResolver.cpp, line 774]
Event: 11.196 Thread 0x00000267c1ebf520 Exception <a 'java/lang/NoSuchMethodError'{0x00000000c4f32380}: 'int java.lang.invoke.DirectMethodHandle$Holder.invokeVirtual(java.lang.Object, java.lang.Object, java.lang.Object, java.lang.Object)'> (0x00000000c4f32380) 
thrown [s\open\src\hotspot\share\interpreter\linkResolver.cpp, line 774]
Event: 11.197 Thread 0x00000267c1ebf520 Exception <a 'java/lang/NoSuchMethodError'{0x00000000c4f35c40}: 'int java.lang.invoke.DelegatingMethodHandle$Holder.reinvoke_L(java.lang.Object, java.lang.Object, java.lang.Object, java.lang.Object)'> (0x00000000c4f35c40) 
thrown [s\open\src\hotspot\share\interpreter\linkResolver.cpp, line 774]
Event: 11.561 Thread 0x00000267c1ebf520 Exception <a 'java/io/FileNotFoundException'{0x00000000c4d7eb60}> (0x00000000c4d7eb60) 
thrown [s\open\src\hotspot\share\prims\jni.cpp, line 520]
Event: 11.646 Thread 0x00000267c1ebf520 Exception <a 'java/lang/NoSuchMethodError'{0x00000000c4b12c50}: 'int java.lang.invoke.DirectMethodHandle$Holder.invokeInterface(java.lang.Object, java.lang.Object, java.lang.Object, java.lang.Object)'> (0x00000000c4b12c50) 
thrown [s\open\src\hotspot\share\interpreter\linkResolver.cpp, line 774]
Event: 11.711 Thread 0x00000267c1ebf520 Exception <a 'java/lang/NoSuchMethodError'{0x00000000c4a608e8}: 'void java.lang.invoke.Invokers$Holder.invokeExact_MT(java.lang.Object, java.lang.Object, java.lang.Object, java.lang.Object)'> (0x00000000c4a608e8) 
thrown [s\open\src\hotspot\share\interpreter\linkResolver.cpp, line 774]
Event: 11.998 Thread 0x00000267c1ebf520 Exception <a 'java/lang/NoSuchMethodError'{0x00000000c5da4200}: 'java.lang.Object java.lang.invoke.DirectMethodHandle$Holder.newInvokeSpecial(java.lang.Object, java.lang.Object, java.lang.Object, java.lang.Object, java.lang.Object, java.lang.Object, java.lang.Object, java.lang.Object, java.lang.Object, java.lang.Object, java.lang.Object)'> (0x00000000c5da4200) 
thrown [s\open\src\hotspot\share\interpreter\linkResolver.cpp, line 774]
Event: 12.514 Thread 0x00000267c1ebf520 Exception <a 'java/lang/NoSuchMethodError'{0x00000000c59c11d0}: 'void java.lang.invoke.DelegatingMethodHandle$Holder.reinvoke_L(java.lang.Object, java.lang.Object, java.lang.Object, java.lang.Object, int, java.lang.Object, java.lang.Object, java.lang.Object)'> (0x00000000c59c11d0) 
thrown [s\open\src\hotspot\share\interpreter\linkResolver.cpp, line 774]

ZGC Phase Switch (0 events):
No events

VM Operations (20 events):
Event: 9.968 Executing VM operation: G1CollectForAllocation (G1 Evacuation Pause)
Event: 9.977 Executing VM operation: G1CollectForAllocation (G1 Evacuation Pause) done
Event: 10.032 Executing VM operation: HandshakeAllThreads (Deoptimize)
Event: 10.032 Executing VM operation: HandshakeAllThreads (Deoptimize) done
Event: 11.034 Executing VM operation: Cleanup
Event: 11.050 Executing VM operation: Cleanup done
Event: 11.519 Executing VM operation: HandshakeAllThreads (Deoptimize)
Event: 11.519 Executing VM operation: HandshakeAllThreads (Deoptimize) done
Event: 11.774 Executing VM operation: G1CollectForAllocation (G1 Evacuation Pause)
Event: 11.783 Executing VM operation: G1CollectForAllocation (G1 Evacuation Pause) done
Event: 12.726 Executing VM operation: HandshakeAllThreads (Deoptimize)
Event: 12.726 Executing VM operation: HandshakeAllThreads (Deoptimize) done
Event: 13.051 Executing VM operation: CollectForMetadataAllocation (Metadata GC Threshold)
Event: 13.057 Executing VM operation: CollectForMetadataAllocation (Metadata GC Threshold) done
Event: 13.092 Executing VM operation: CollectForMetadataAllocation (Metadata GC Threshold)
Event: 13.092 Executing VM operation: CollectForMetadataAllocation (Metadata GC Threshold) done
Event: 13.105 Executing VM operation: G1PauseRemark
Event: 13.112 Executing VM operation: G1PauseRemark done
Event: 13.132 Executing VM operation: G1PauseCleanup
Event: 13.133 Executing VM operation: G1PauseCleanup done

Memory protections (0 events):
No events

Nmethod flushes (20 events):
Event: 13.111 Thread 0x00000267cec8e0b0 flushing  nmethod 0x00000267d7031490
Event: 13.111 Thread 0x00000267cec8e0b0 flushing  nmethod 0x00000267d7039990
Event: 13.111 Thread 0x00000267cec8e0b0 flushing  nmethod 0x00000267d705ac90
Event: 13.111 Thread 0x00000267cec8e0b0 flushing  nmethod 0x00000267d705d390
Event: 13.111 Thread 0x00000267cec8e0b0 flushing  nmethod 0x00000267d7099510
Event: 13.111 Thread 0x00000267cec8e0b0 flushing  nmethod 0x00000267d7099f10
Event: 13.111 Thread 0x00000267cec8e0b0 flushing  nmethod 0x00000267d70f5a90
Event: 13.111 Thread 0x00000267cec8e0b0 flushing  nmethod 0x00000267d713f210
Event: 13.111 Thread 0x00000267cec8e0b0 flushing  nmethod 0x00000267d715b110
Event: 13.111 Thread 0x00000267cec8e0b0 flushing  nmethod 0x00000267d715cd10
Event: 13.111 Thread 0x00000267cec8e0b0 flushing  nmethod 0x00000267d715d090
Event: 13.111 Thread 0x00000267cec8e0b0 flushing  nmethod 0x00000267d718e810
Event: 13.111 Thread 0x00000267cec8e0b0 flushing  nmethod 0x00000267d71bc790
Event: 13.111 Thread 0x00000267cec8e0b0 flushing  nmethod 0x00000267d72c0710
Event: 13.111 Thread 0x00000267cec8e0b0 flushing  nmethod 0x00000267d72c1290
Event: 13.111 Thread 0x00000267cec8e0b0 flushing  nmethod 0x00000267d72c3a10
Event: 13.111 Thread 0x00000267cec8e0b0 flushing  nmethod 0x00000267d72e6290
Event: 13.111 Thread 0x00000267cec8e0b0 flushing  nmethod 0x00000267d7374710
Event: 13.111 Thread 0x00000267cec8e0b0 flushing  nmethod 0x00000267d73a3a90
Event: 13.111 Thread 0x00000267cec8e0b0 flushing  nmethod 0x00000267d73f8310

Events (19 events):
Event: 0.062 Thread 0x00000267cebd0010 Thread added: 0x00000267cebd0010
Event: 0.089 Thread 0x00000267cebd0010 Thread added: 0x00000267c113dc20
Event: 0.089 Thread 0x00000267cebd0010 Thread added: 0x00000267c113e490
Event: 0.090 Thread 0x00000267cebd0010 Thread added: 0x00000267c11422a0
Event: 0.090 Thread 0x00000267cebd0010 Thread added: 0x00000267c1142910
Event: 0.091 Thread 0x00000267cebd0010 Thread added: 0x00000267c1146f90
Event: 0.091 Thread 0x00000267cebd0010 Thread added: 0x00000267c114ab00
Event: 0.091 Thread 0x00000267cebd0010 Thread added: 0x00000267c11594e0
Event: 0.091 Thread 0x00000267cebd0010 Thread added: 0x00000267c1159bf0
Event: 0.260 Thread 0x00000267cebd0010 Thread added: 0x00000267c111b990
Event: 0.708 Thread 0x00000267cebd0010 Thread added: 0x00000267c1796340
Event: 0.708 Thread 0x00000267cebd0010 Thread added: 0x00000267c15f1fd0
Event: 2.651 Thread 0x00000267cebd0010 Thread added: 0x00000267c1ebeeb0
Event: 2.657 Thread 0x00000267c1ebeeb0 Thread added: 0x00000267c1ebf520
Event: 3.729 Thread 0x00000267c1ebf520 Thread added: 0x00000267c6293440
Event: 5.155 Thread 0x00000267c6293440 Thread exited: 0x00000267c6293440
Event: 5.557 Thread 0x00000267c1ebf520 Thread added: 0x00000267c6b8fd00
Event: 5.677 Thread 0x00000267c6b8fd00 Thread exited: 0x00000267c6b8fd00
Event: 11.827 Thread 0x00000267c1ebf520 Thread added: 0x00000267c7bb72c0


Dynamic libraries:
0x00007ff637370000 - 0x00007ff63737e000 	C:\Users\Karla\.jdks\openjdk-22.0.2\bin\java.exe
0x00007fff36c90000 - 0x00007fff36e88000 	C:\WINDOWS\SYSTEM32\ntdll.dll
0x00007fff34cc0000 - 0x00007fff34d81000 	C:\WINDOWS\System32\KERNEL32.DLL
0x00007fff345c0000 - 0x00007fff348bd000 	C:\WINDOWS\System32\KERNELBASE.dll
0x00007fff348c0000 - 0x00007fff349c0000 	C:\WINDOWS\System32\ucrtbase.dll
0x00007fff1ff60000 - 0x00007fff1ff77000 	C:\Users\Karla\.jdks\openjdk-22.0.2\bin\jli.dll
0x00007fff28880000 - 0x00007fff2889b000 	C:\Users\Karla\.jdks\openjdk-22.0.2\bin\VCRUNTIME140.dll
0x00007fff35860000 - 0x00007fff359fd000 	C:\WINDOWS\System32\USER32.dll
0x00007fff34340000 - 0x00007fff34362000 	C:\WINDOWS\System32\win32u.dll
0x00007fff357d0000 - 0x00007fff357fb000 	C:\WINDOWS\System32\GDI32.dll
0x00007fff34af0000 - 0x00007fff34c07000 	C:\WINDOWS\System32\gdi32full.dll
0x00007fff34a50000 - 0x00007fff34aed000 	C:\WINDOWS\System32\msvcp_win.dll
0x00007fff10e40000 - 0x00007fff110da000 	C:\WINDOWS\WinSxS\amd64_microsoft.windows.common-controls_6595b64144ccf1df_6.0.19041.4355_none_60b8b9eb71f62e16\COMCTL32.dll
0x00007fff35ed0000 - 0x00007fff35f6e000 	C:\WINDOWS\System32\msvcrt.dll
0x00007fff35e70000 - 0x00007fff35e9f000 	C:\WINDOWS\System32\IMM32.DLL
0x00007fff2da90000 - 0x00007fff2da9c000 	C:\Users\Karla\.jdks\openjdk-22.0.2\bin\vcruntime140_1.dll
0x00007fff13fd0000 - 0x00007fff1405e000 	C:\Users\Karla\.jdks\openjdk-22.0.2\bin\msvcp140.dll
0x00007ffec2c10000 - 0x00007ffec3959000 	C:\Users\Karla\.jdks\openjdk-22.0.2\bin\server\jvm.dll
0x00007fff35580000 - 0x00007fff35630000 	C:\WINDOWS\System32\ADVAPI32.dll
0x00007fff36150000 - 0x00007fff361f0000 	C:\WINDOWS\System32\sechost.dll
0x00007fff35cd0000 - 0x00007fff35df3000 	C:\WINDOWS\System32\RPCRT4.dll
0x00007fff34540000 - 0x00007fff34567000 	C:\WINDOWS\System32\bcrypt.dll
0x00007fff35e00000 - 0x00007fff35e6b000 	C:\WINDOWS\System32\WS2_32.dll
0x00007fff34190000 - 0x00007fff341db000 	C:\WINDOWS\SYSTEM32\POWRPROF.dll
0x00007fff2a5b0000 - 0x00007fff2a5ba000 	C:\WINDOWS\SYSTEM32\VERSION.dll
0x00007fff11210000 - 0x00007fff11237000 	C:\WINDOWS\SYSTEM32\WINMM.dll
0x00007fff34170000 - 0x00007fff34182000 	C:\WINDOWS\SYSTEM32\UMPDC.dll
0x00007fff32b50000 - 0x00007fff32b62000 	C:\WINDOWS\SYSTEM32\kernel.appcore.dll
0x00007fff2bb30000 - 0x00007fff2bb3a000 	C:\Users\Karla\.jdks\openjdk-22.0.2\bin\jimage.dll
0x00007fff320c0000 - 0x00007fff322a4000 	C:\WINDOWS\SYSTEM32\DBGHELP.DLL
0x00007fff2a6f0000 - 0x00007fff2a724000 	C:\WINDOWS\SYSTEM32\dbgcore.DLL
0x00007fff349c0000 - 0x00007fff34a42000 	C:\WINDOWS\System32\bcryptPrimitives.dll
0x00007fff2a5d0000 - 0x00007fff2a5df000 	C:\Users\Karla\.jdks\openjdk-22.0.2\bin\instrument.dll
0x00007fff1f6e0000 - 0x00007fff1f6fe000 	C:\Users\Karla\.jdks\openjdk-22.0.2\bin\java.dll
0x00007fff34e10000 - 0x00007fff3557f000 	C:\WINDOWS\System32\SHELL32.dll
0x00007fff35f70000 - 0x00007fff3609b000 	C:\WINDOWS\System32\ole32.dll
0x00007fff361f0000 - 0x00007fff36543000 	C:\WINDOWS\System32\combase.dll
0x00007fff322b0000 - 0x00007fff32a4f000 	C:\WINDOWS\SYSTEM32\windows.storage.dll
0x00007fff33c90000 - 0x00007fff33cbe000 	C:\WINDOWS\SYSTEM32\Wldp.dll
0x00007fff36b10000 - 0x00007fff36bdd000 	C:\WINDOWS\System32\OLEAUT32.dll
0x00007fff36560000 - 0x00007fff3660d000 	C:\WINDOWS\System32\SHCORE.dll
0x00007fff35800000 - 0x00007fff35855000 	C:\WINDOWS\System32\shlwapi.dll
0x00007fff34270000 - 0x00007fff34294000 	C:\WINDOWS\SYSTEM32\profapi.dll
0x00007fff0e8e0000 - 0x00007fff0e9b7000 	C:\Users\Karla\.jdks\openjdk-22.0.2\bin\jsvml.dll
0x00007fff1f6a0000 - 0x00007fff1f6b7000 	C:\Users\Karla\.jdks\openjdk-22.0.2\bin\zip.dll
0x00007fff2a030000 - 0x00007fff2a040000 	C:\Users\Karla\.jdks\openjdk-22.0.2\bin\net.dll
0x00007fff339f0000 - 0x00007fff33a5a000 	C:\WINDOWS\system32\mswsock.dll
0x00007fff1f6c0000 - 0x00007fff1f6d6000 	C:\Users\Karla\.jdks\openjdk-22.0.2\bin\nio.dll
0x00007fff1f260000 - 0x00007fff1f27a000 	C:\Program Files\JetBrains\IntelliJ IDEA Community Edition 2024.1.1\bin\breakgen64.dll
0x00007fff29f70000 - 0x00007fff29f79000 	C:\Users\Karla\.jdks\openjdk-22.0.2\bin\extnet.dll
0x00007fff29c20000 - 0x00007fff29c2a000 	C:\Users\Karla\.jdks\openjdk-22.0.2\bin\management.dll
0x00007fff1f690000 - 0x00007fff1f69b000 	C:\Users\Karla\.jdks\openjdk-22.0.2\bin\management_ext.dll
0x00007fff35ec0000 - 0x00007fff35ec8000 	C:\WINDOWS\System32\PSAPI.DLL
0x00007fff1ed80000 - 0x00007fff1ed8b000 	C:\Users\Karla\.jdks\openjdk-22.0.2\bin\le.dll
0x00007fff1f250000 - 0x00007fff1f25e000 	C:\Users\Karla\.jdks\openjdk-22.0.2\bin\sunmscapi.dll
0x00007fff343e0000 - 0x00007fff3453e000 	C:\WINDOWS\System32\CRYPT32.dll
0x00007fff33d00000 - 0x00007fff33d29000 	C:\WINDOWS\SYSTEM32\ncrypt.dll
0x00007fff33cc0000 - 0x00007fff33cfb000 	C:\WINDOWS\SYSTEM32\NTASN1.dll
0x00007fff33be0000 - 0x00007fff33bf8000 	C:\WINDOWS\SYSTEM32\CRYPTSP.dll
0x00007fff33310000 - 0x00007fff33344000 	C:\WINDOWS\system32\rsaenh.dll
0x00007fff34220000 - 0x00007fff3424e000 	C:\WINDOWS\SYSTEM32\USERENV.dll
0x00007fff33c00000 - 0x00007fff33c0c000 	C:\WINDOWS\SYSTEM32\CRYPTBASE.dll
0x00007fff336d0000 - 0x00007fff3370b000 	C:\WINDOWS\SYSTEM32\IPHLPAPI.DLL
0x00007fff36c40000 - 0x00007fff36c48000 	C:\WINDOWS\System32\NSI.dll
0x00007fff1a870000 - 0x00007fff1a880000 	C:\Users\Karla\.jdks\openjdk-22.0.2\bin\verify.dll

dbghelp: loaded successfully - version: 4.0.5 - missing functions: none
symbol engine: initialized successfully - sym options: 0x614 - pdb path: .;C:\Users\Karla\.jdks\openjdk-22.0.2\bin;C:\WINDOWS\SYSTEM32;C:\WINDOWS\WinSxS\amd64_microsoft.windows.common-controls_6595b64144ccf1df_6.0.19041.4355_none_60b8b9eb71f62e16;C:\Users\Karla\.jdks\openjdk-22.0.2\bin\server;C:\Program Files\JetBrains\IntelliJ IDEA Community Edition 2024.1.1\bin

VM Arguments:
jvm_args: -javaagent:C:\Program Files\JetBrains\IntelliJ IDEA Community Edition 2024.1.1\lib\idea_rt.jar=53900:C:\Program Files\JetBrains\IntelliJ IDEA Community Edition 2024.1.1\bin -Dfile.encoding=UTF-8 -Dsun.stdout.encoding=UTF-8 -Dsun.stderr.encoding=UTF-8 
java_command: org.esfe.Application
java_class_path (initial): C:\Users\Karla\Sistema.Evaluacion.API\target\classes;C:\Users\Karla\.m2\repository\org\springdoc\springdoc-openapi-starter-webmvc-ui\2.6.0\springdoc-openapi-starter-webmvc-ui-2.6.0.jar;C:\Users\Karla\.m2\repository\org\springdoc\springdoc-openapi-starter-webmvc-api\2.6.0\springdoc-openapi-starter-webmvc-api-2.6.0.jar;C:\Users\Karla\.m2\repository\org\springdoc\springdoc-openapi-starter-common\2.6.0\springdoc-openapi-starter-common-2.6.0.jar;C:\Users\Karla\.m2\repository\io\swagger\core\v3\swagger-core-jakarta\2.2.22\swagger-core-jakarta-2.2.22.jar;C:\Users\Karla\.m2\repository\org\apache\commons\commons-lang3\3.14.0\commons-lang3-3.14.0.jar;C:\Users\Karla\.m2\repository\io\swagger\core\v3\swagger-annotations-jakarta\2.2.22\swagger-annotations-jakarta-2.2.22.jar;C:\Users\Karla\.m2\repository\io\swagger\core\v3\swagger-models-jakarta\2.2.22\swagger-models-jakarta-2.2.22.jar;C:\Users\Karla\.m2\repository\jakarta\validation\jakarta.validation-api\3.0.2\jakarta.validation-api-3.0.2.jar;C:\Users\Karla\.m2\repository\com\fasterxml\jackson\dataformat\jackson-dataformat-yaml\2.17.2\jackson-dataformat-yaml-2.17.2.jar;C:\Users\Karla\.m2\repository\org\webjars\swagger-ui\5.17.14\swagger-ui-5.17.14.jar;C:\Users\Karla\.m2\repository\org\modelmapper\modelmapper\3.2.1\modelmapper-3.2.1.jar;C:\Users\Karla\.m2\repository\org\springframework\boot\spring-boot-starter-security\3.3.3\spring-boot-starter-security-3.3.3.jar;C:\Users\Karla\.m2\repository\org\springframework\boot\spring-boot-starter\3.3.3\spring-boot-starter-3.3.3.jar;C:\Users\Karla\.m2\repository\org\springframework\boot\spring-boot-starter-logging\3.3.3\spring-boot-starter-logging-3.3.3.jar;C:\Users\Karla\.m2\repository\ch\qos\logback\logback-classic\1.5.7\logback-classic-1.5.7.jar;C:\Users\Karla\.m2\repository\ch\qos\logback\logback-core\1.5.7\logback-core-1.5.7.jar;C:\Users\Karla\.m2\repository\org\apache\logging\log4j\log4j-to-slf4j\2.23.1\log4j-to-slf4j-2.23.1.jar;C:\Users\Karla\.m2\repository\org\apache\logging\log4j\log4j-api\2.23.1\log4j-api-2.23.1.jar;C:\Users\Karla\.m2\repository\org\slf4j\jul-to-slf4j\2.0.16\jul-to-slf4j-2.0.16.jar;C:\Users\Karla\.m2\repository\jakarta\annotation\jakarta.annotation-api\2.1.1\jakarta.annotation-api-2.1.1.jar;C:\Users\Karla\.m2\repository\org\yaml\snakeyaml\2.2\snakeyaml-2.2.jar;C:\Users\Karla\.m2\repository\org\springframework\spring-aop\6.1.12\spring-aop-6.1.12.jar;C:\Users\Karla\.m2\repository\org\springframework\spring-beans\6.1.12\spring-beans-6.1.12.jar;C:\Users\Karla\.m2\repository\org\springframework\security\spring-security-config\6.3.3\spring-security-config-6.3.3.jar;C:\Users\Karla\.m2\repository\org\springframework\security\spring-security-core\6.3.3\spring-security-core-6.3.3.jar;C:\Users\Karla\.m2\repository\org\springframework\security\spring-security-crypto\6.3.3\spring-security-crypto-6.3.3.jar;C:\Users\Karla\.m2\repository\org\springframework\spring-context\6.1.12\spring-context-6.1.12.jar;C:\Users\Karla\.m2\repository\org\springframework\security\spring-security-web\6.3.3\spring-security-web-6.3.3.jar;C:\Users\Karla\.m2\repository\org\springframework\spring-expression\6.1.12\spring-expression-6.1.12.jar;C:\Users\Karla\.m2\repository\io\jsonwebtoken\jjwt-api\0.12.6\jjwt-api-0.12.6.jar;C:\Users\Karla\.m2\repository\io\jsonwebtoken\jjwt-impl\0.12.6\jjwt-impl-0.12.6.jar;C:\Users\Karla\.m2\repository\io\jsonwebtoken\jjwt-jackson\0.12.6\jjwt-jackson-0.12.6.jar;C:\Users\Karla\.m2\repository\com\fasterxml\jackson\core\jackson-databind\2.17.2\jackson-databind-2.17.2.jar;C:\Users\Karla\.m2\repository\com\fasterxml\jackson\core\jackson-annotations\2.17.2\jackson-annotations-2.17.2.jar;C:\Users\Karla\.m2\repository\com\fasterxml\jackson\core\jackson-core\2.17.2\jackson-core-2.17.2.jar;C:\Users\Karla\.m2\repository\org\springframework\boot\spring-boot-starter-data-jpa\3.3.3\spring-boot-starter-data-jpa-3.3.3.jar;C:\Users\Karla\.m2\repository\org\springframework\boot\spring-boot-starter-aop\3.3.3\spring-boot-starter-aop-3.3.3.jar;C:\Users\Karla\.m2\repository\org\aspectj\aspectjweaver\1.9.22.1\aspectjweaver-1.9.22.1.jar;C:\Users\Karla\.m2\repository\org\springframework\boot\spring-boot-starter-jdbc\3.3.3\spring-boot-starter-jdbc-3.3.3.jar;C:\Users\Karla\.m2\repository\com\zaxxer\HikariCP\5.1.0\HikariCP-5.1.0.jar;C:\Users\Karla\.m2\repository\org\springframework\spring-jdbc\6.1.12\spring-jdbc-6.1.12.jar;C:\Users\Karla\.m2\repository\org\hibernate\orm\hibernate-core\6.5.2.Final\hibernate-core-6.5.2.Final.jar;C:\Users\Karla\.m2\repository\jakarta\persistence\jakarta.persistence-api\3.1.0\jakarta.persistence-api-3.1.0.jar;C:\Users\Karla\.m2\repository\jakarta\transaction\jakarta.transaction-api\2.0.1\jakarta.transaction-api-2.0.1.jar;C:\Users\Karla\.m2\repository\org\jboss\logging\jboss-logging\3.5.3.Final\jboss-logging-3.5.3.Final.jar;C:\Users\Karla\.m2\repository\org\hibernate\common\hibernate-commons-annotations\6.0.6.Final\hibernate-commons-annotations-6.0.6.Final.jar;C:\Users\Karla\.m2\repository\io\smallrye\jandex\3.1.2\jandex-3.1.2.jar;C:\Users\Karla\.m2\repository\com\fasterxml\classmate\1.7.0\classmate-1.7.0.jar;C:\Users\Karla\.m2\repository\net\bytebuddy\byte-buddy\1.14.19\byte-buddy-1.14.19.jar;C:\Users\Karla\.m2\repository\org\glassfish\jaxb\jaxb-runtime\4.0.5\jaxb-runtime-4.0.5.jar;C:\Users\Karla\.m2\repository\org\glassfish\jaxb\jaxb-core\4.0.5\jaxb-core-4.0.5.jar;C:\Users\Karla\.m2\repository\org\eclipse\angus\angus-activation\2.0.2\angus-activation-2.0.2.jar;C:\Users\Karla\.m2\repository\org\glassfish\jaxb\txw2\4.0.5\txw2-4.0.5.jar;C:\Users\Karla\.m2\repository\com\sun\istack\istack-commons-runtime\4.1.2\istack-commons-runtime-4.1.2.jar;C:\Users\Karla\.m2\repository\jakarta\inject\jakarta.inject-api\2.0.1\jakarta.inject-api-2.0.1.jar;C:\Users\Karla\.m2\repository\org\antlr\antlr4-runtime\4.13.0\antlr4-runtime-4.13.0.jar;C:\Users\Karla\.m2\repository\org\springframework\data\spring-data-jpa\3.3.3\spring-data-jpa-3.3.3.jar;C:\Users\Karla\.m2\repository\org\springframework\data\spring-data-commons\3.3.3\spring-data-commons-3.3.3.jar;C:\Users\Karla\.m2\repository\org\springframework\spring-orm\6.1.12\spring-orm-6.1.12.jar;C:\Users\Karla\.m2\repository\org\springframework\spring-tx\6.1.12\spring-tx-6.1.12.jar;C:\Users\Karla\.m2\repository\org\slf4j\slf4j-api\2.0.16\slf4j-api-2.0.16.jar;C:\Users\Karla\.m2\repository\org\springframework\spring-aspects\6.1.12\spring-aspects-6.1.12.jar;C:\Users\Karla\.m2\repository\org\springframework\boot\spring-boot-starter-web\3.3.3\spring-boot-starter-web-3.3.3.jar;C:\Users\Karla\.m2\repository\org\springframework\boot\spring-boot-starter-json\3.3.3\spring-boot-starter-json-3.3.3.jar;C:\Users\Karla\.m2\repository\com\fasterxml\jackson\datatype\jackson-datatype-jdk8\2.17.2\jackson-datatype-jdk8-2.17.2.jar;C:\Users\Karla\.m2\repository\com\fasterxml\jackson\datatype\jackson-datatype-jsr310\2.17.2\jackson-datatype-jsr310-2.17.2.jar;C:\Users\Karla\.m2\repository\com\fasterxml\jackson\module\jackson-module-parameter-names\2.17.2\jackson-module-parameter-names-2.17.2.jar;C:\Users\Karla\.m2\repository\org\springframework\boot\spring-boot-starter-tomcat\3.3.3\spring-boot-starter-tomcat-3.3.3.jar;C:\Users\Karla\.m2\repository\org\apache\tomcat\embed\tomcat-embed-core\10.1.28\tomcat-embed-core-10.1.28.jar;C:\Users\Karla\.m2\repository\org\apache\tomcat\embed\tomcat-embed-el\10.1.28\tomcat-embed-el-10.1.28.jar;C:\Users\Karla\.m2\repository\org\apache\tomcat\embed\tomcat-embed-websocket\10.1.28\tomcat-embed-websocket-10.1.28.jar;C:\Users\Karla\.m2\repository\org\springframework\spring-web\6.1.12\spring-web-6.1.12.jar;C:\Users\Karla\.m2\repository\io\micrometer\micrometer-observation\1.13.3\micrometer-observation-1.13.3.jar;C:\Users\Karla\.m2\repository\io\micrometer\micrometer-commons\1.13.3\micrometer-commons-1.13.3.jar;C:\Users\Karla\.m2\repository\org\springframework\spring-webmvc\6.1.12\spring-webmvc-6.1.12.jar;C:\Users\Karla\.m2\repository\org\springframework\boot\spring-boot-devtools\3.3.3\spring-boot-devtools-3.3.3.jar;C:\Users\Karla\.m2\repository\org\springframework\boot\spring-boot\3.3.3\spring-boot-3.3.3.jar;C:\Users\Karla\.m2\repository\org\springframework\boot\spring-boot-autoconfigure\3.3.3\spring-boot-autoconfigure-3.3.3.jar;C:\Users\Karla\.m2\repository\com\mysql\mysql-connector-j\8.3.0\mysql-connector-j-8.3.0.jar;C:\Users\Karla\.m2\repository\org\projectlombok\lombok\1.18.34\lombok-1.18.34.jar;C:\Users\Karla\.m2\repository\jakarta\xml\bind\jakarta.xml.bind-api\4.0.2\jakarta.xml.bind-api-4.0.2.jar;C:\Users\Karla\.m2\repository\jakarta\activation\jakarta.activation-api\2.1.3\jakarta.activation-api-2.1.3.jar;C:\Users\Karla\.m2\repository\org\springframework\spring-core\6.1.12\spring-core-6.1.12.jar;C:\Users\Karla\.m2\repository\org\springframework\spring-jcl\6.1.12\spring-jcl-6.1.12.jar
Launcher Type: SUN_STANDARD

[Global flags]
     intx CICompilerCount                          = 3                                         {product} {ergonomic}
     uint ConcGCThreads                            = 1                                         {product} {ergonomic}
     uint G1ConcRefinementThreads                  = 4                                         {product} {ergonomic}
   size_t G1HeapRegionSize                         = 1048576                                   {product} {ergonomic}
   size_t InitialHeapSize                          = 65011712                                  {product} {ergonomic}
   size_t MarkStackSize                            = 4194304                                   {product} {ergonomic}
   size_t MaxHeapSize                              = 1027604480                                {product} {ergonomic}
   size_t MaxNewSize                               = 616562688                                 {product} {ergonomic}
   size_t MinHeapDeltaBytes                        = 1048576                                   {product} {ergonomic}
   size_t MinHeapSize                              = 8388608                                   {product} {ergonomic}
    uintx NonNMethodCodeHeapSize                   = 5832780                                {pd product} {ergonomic}
    uintx NonProfiledCodeHeapSize                  = 122912730                              {pd product} {ergonomic}
    uintx ProfiledCodeHeapSize                     = 122912730                              {pd product} {ergonomic}
    uintx ReservedCodeCacheSize                    = 251658240                              {pd product} {ergonomic}
     bool SegmentedCodeCache                       = true                                      {product} {ergonomic}
   size_t SoftMaxHeapSize                          = 1027604480                             {manageable} {ergonomic}
     bool UseCompressedOops                        = true                           {product lp64_product} {ergonomic}
     bool UseG1GC                                  = true                                      {product} {ergonomic}
     bool UseLargePagesIndividualAllocation        = false                                  {pd product} {ergonomic}

Logging:
Log output configuration:
 #0: stdout all=warning uptime,level,tags foldmultilines=false
 #1: stderr all=off uptime,level,tags foldmultilines=false

Environment Variables:
JAVA_HOME=C:\Program Files\BellSoft\LibericaJDK-21-Full\
PATH=C:\Program Files\BellSoft\LibericaJDK-21-Full\bin\;C:\WINDOWS\system32;C:\WINDOWS;C:\WINDOWS\System32\Wbem;C:\WINDOWS\System32\WindowsPowerShell\v1.0\;C:\WINDOWS\System32\OpenSSH\;C:\Program Files\Git\cmd;C:\Users\Karla\.config\herd\bin\php83;C:\ProgramData\ComposerSetup\bin;C:\Users\Karla\.config\herd\bin;C:\Users\Karla\AppData\Local\Microsoft\WindowsApps;;C:\Program Files\JetBrains\IntelliJ IDEA Community Edition 2024.1.1\bin;;C:\Users\Karla\AppData\Local\Programs\Microsoft VS Code\bin;C:\Users\Karla\AppData\Roaming\Composer\vendor\bin
USERNAME=Karla
OS=Windows_NT
PROCESSOR_IDENTIFIER=Intel64 Family 6 Model 122 Stepping 8, GenuineIntel
TMP=C:\Users\Karla\AppData\Local\Temp
TEMP=C:\Users\Karla\AppData\Local\Temp




Periodic native trim disabled

---------------  S Y S T E M  ---------------

OS:
 Windows 10 , 64 bit Build 19041 (10.0.19041.4717)
OS uptime: 33 days 5:15 hours

CPU: total 4 (initial active 4) (4 cores per cpu, 1 threads per core) family 6 model 122 stepping 8 microcode 0x16, cx8, cmov, fxsr, mmx, 3dnowpref, sse, sse2, sse3, ssse3, sse4.1, sse4.2, popcnt, tsc, tscinvbit, aes, erms, clmul, sha, clflush, clflushopt, rdtscp, rdpid
Processor Information for all 4 processors :
  Max Mhz: 1101, Current Mhz: 1101, Mhz Limit: 1101

Memory: 4k page, system-wide physical 3917M (225M free)
TotalPageFile size 15693M (AvailPageFile size 3M)
current process WorkingSet (physical memory assigned to process): 187M, peak: 192M
current process commit charge ("private bytes"): 223M, peak: 224M

vm_info: OpenJDK 64-Bit Server VM (22.0.2+9-70) for windows-amd64 JRE (22.0.2+9-70), built on 2024-06-04T16:52:23Z by "mach5one" with MS VC++ 17.6 (VS2022)

END.
